<?xml version="1.0" encoding="UTF-8"?>
<testng-results skipped="2" failed="1" total="3" passed="0">
  <reporter-output>
  </reporter-output>
  <suite name="Zoho Suite" duration-ms="63707" started-at="2018-02-20T16:21:39Z" finished-at="2018-02-20T16:22:42Z">
    <groups>
    </groups>
    <test name="Login Test" duration-ms="63707" started-at="2018-02-20T16:21:39Z" finished-at="2018-02-20T16:22:42Z">
      <class name="com.qtpselenium.hybrid.suitea.LoginTest">
        <test-method status="PASS" signature="init()[pri:0, instance:com.qtpselenium.hybrid.suitea.LoginTest@7225790e]" name="init" is-config="true" duration-ms="1442" started-at="2018-02-20T21:51:39Z" finished-at="2018-02-20T21:51:40Z">
          <reporter-output>
          </reporter-output>
        </test-method> <!-- init -->
        <test-method status="PASS" signature="initTest()[pri:0, instance:com.qtpselenium.hybrid.suitea.LoginTest@7225790e]" name="initTest" is-config="true" duration-ms="533" started-at="2018-02-20T21:51:40Z" finished-at="2018-02-20T21:51:41Z">
          <reporter-output>
          </reporter-output>
        </test-method> <!-- initTest -->
        <test-method status="FAIL" signature="loginTest(java.util.Hashtable)[pri:0, instance:com.qtpselenium.hybrid.suitea.LoginTest@7225790e]" name="loginTest" duration-ms="60375" started-at="2018-02-20T21:51:41Z" data-provider="getData" finished-at="2018-02-20T21:52:41Z">
          <params>
            <param index="0">
              <value>
                <![CDATA[{Username=U1, ExpectedResult=LoginSuccess, Password=P1, Runmode=Y, Browser=Mozilla}]]>
              </value>
            </param>
          </params>
          <exception class="java.lang.reflect.InvocationTargetException">
            <full-stacktrace>
              <![CDATA[java.lang.reflect.InvocationTargetException
	at sun.reflect.NativeMethodAccessorImpl.invoke0(Native Method)
	at sun.reflect.NativeMethodAccessorImpl.invoke(NativeMethodAccessorImpl.java:62)
	at sun.reflect.DelegatingMethodAccessorImpl.invoke(DelegatingMethodAccessorImpl.java:43)
	at java.lang.reflect.Method.invoke(Method.java:483)
	at com.qtpselenium.hybrid.driver.DriverScript.executeKeywords(DriverScript.java:46)
	at com.qtpselenium.hybrid.suitea.LoginTest.loginTest(LoginTest.java:33)
	at sun.reflect.NativeMethodAccessorImpl.invoke0(Native Method)
	at sun.reflect.NativeMethodAccessorImpl.invoke(NativeMethodAccessorImpl.java:62)
	at sun.reflect.DelegatingMethodAccessorImpl.invoke(DelegatingMethodAccessorImpl.java:43)
	at java.lang.reflect.Method.invoke(Method.java:483)
	at org.testng.internal.MethodInvocationHelper.invokeMethod(MethodInvocationHelper.java:85)
	at org.testng.internal.Invoker.invokeMethod(Invoker.java:639)
	at org.testng.internal.Invoker.invokeTestMethod(Invoker.java:821)
	at org.testng.internal.Invoker.invokeTestMethods(Invoker.java:1131)
	at org.testng.internal.TestMethodWorker.invokeTestMethods(TestMethodWorker.java:124)
	at org.testng.internal.TestMethodWorker.run(TestMethodWorker.java:108)
	at org.testng.TestRunner.privateRun(TestRunner.java:773)
	at org.testng.TestRunner.run(TestRunner.java:623)
	at org.testng.SuiteRunner.runTest(SuiteRunner.java:357)
	at org.testng.SuiteRunner.access$000(SuiteRunner.java:39)
	at org.testng.SuiteRunner$SuiteWorker.run(SuiteRunner.java:391)
	at org.testng.internal.thread.ThreadUtil$2.call(ThreadUtil.java:64)
	at java.util.concurrent.FutureTask.run(FutureTask.java:266)
	at java.util.concurrent.ThreadPoolExecutor.runWorker(ThreadPoolExecutor.java:1142)
	at java.util.concurrent.ThreadPoolExecutor$Worker.run(ThreadPoolExecutor.java:617)
	at java.lang.Thread.run(Thread.java:745)
Caused by: java.lang.AssertionError: The following asserts failed:
	Titles did not match. Got title as Zoho - Cloud Software Suite and SaaS Applications for Businesses	Titles did not match. Got title as Zoho - Cloud Software Suite and SaaS Applications for Businesses, 
	Element not found signinLink_xpath	Element not found signinLink_xpath
	at org.testng.asserts.SoftAssert.assertAll(SoftAssert.java:48)
	at com.qtpselenium.hybrid.keywords.GenericKeywords.reportFailure(GenericKeywords.java:199)
	at com.qtpselenium.hybrid.keywords.GenericKeywords.validateElementPresent(GenericKeywords.java:132)
	... 26 more
]]>
            </full-stacktrace>
          </exception> <!-- java.lang.reflect.InvocationTargetException -->
          <reporter-output>
          </reporter-output>
        </test-method> <!-- loginTest -->
        <test-method status="PASS" signature="quit()[pri:0, instance:com.qtpselenium.hybrid.suitea.LoginTest@7225790e]" name="quit" is-config="true" duration-ms="1113" started-at="2018-02-20T21:52:41Z" finished-at="2018-02-20T21:52:42Z">
          <reporter-output>
          </reporter-output>
        </test-method> <!-- quit -->
        <test-method status="SKIP" signature="loginTest(java.util.Hashtable)[pri:0, instance:com.qtpselenium.hybrid.suitea.LoginTest@7225790e]" name="loginTest" duration-ms="3" started-at="2018-02-20T21:52:42Z" data-provider="getData" finished-at="2018-02-20T21:52:42Z">
          <params>
            <param index="0">
              <value>
                <![CDATA[{Username=itsthaku.r@gmail.com, ExpectedResult=LoginSuccess, Password=Ashish@123, Runmode=N, Browser=Chrome}]]>
              </value>
            </param>
          </params>
          <exception class="org.testng.SkipException">
            <message>
              <![CDATA[Runmode is set to NO]]>
            </message>
            <full-stacktrace>
              <![CDATA[org.testng.SkipException: Runmode is set to NO
	at com.qtpselenium.hybrid.suitea.LoginTest.loginTest(LoginTest.java:29)
	at sun.reflect.NativeMethodAccessorImpl.invoke0(Native Method)
	at sun.reflect.NativeMethodAccessorImpl.invoke(NativeMethodAccessorImpl.java:62)
	at sun.reflect.DelegatingMethodAccessorImpl.invoke(DelegatingMethodAccessorImpl.java:43)
	at java.lang.reflect.Method.invoke(Method.java:483)
	at org.testng.internal.MethodInvocationHelper.invokeMethod(MethodInvocationHelper.java:85)
	at org.testng.internal.Invoker.invokeMethod(Invoker.java:639)
	at org.testng.internal.Invoker.invokeTestMethod(Invoker.java:821)
	at org.testng.internal.Invoker.invokeTestMethods(Invoker.java:1131)
	at org.testng.internal.TestMethodWorker.invokeTestMethods(TestMethodWorker.java:124)
	at org.testng.internal.TestMethodWorker.run(TestMethodWorker.java:108)
	at org.testng.TestRunner.privateRun(TestRunner.java:773)
	at org.testng.TestRunner.run(TestRunner.java:623)
	at org.testng.SuiteRunner.runTest(SuiteRunner.java:357)
	at org.testng.SuiteRunner.access$000(SuiteRunner.java:39)
	at org.testng.SuiteRunner$SuiteWorker.run(SuiteRunner.java:391)
	at org.testng.internal.thread.ThreadUtil$2.call(ThreadUtil.java:64)
	at java.util.concurrent.FutureTask.run(FutureTask.java:266)
	at java.util.concurrent.ThreadPoolExecutor.runWorker(ThreadPoolExecutor.java:1142)
	at java.util.concurrent.ThreadPoolExecutor$Worker.run(ThreadPoolExecutor.java:617)
	at java.lang.Thread.run(Thread.java:745)
]]>
            </full-stacktrace>
          </exception> <!-- org.testng.SkipException -->
          <reporter-output>
          </reporter-output>
        </test-method> <!-- loginTest -->
        <test-method status="PASS" signature="initTest()[pri:0, instance:com.qtpselenium.hybrid.suitea.LoginTest@7225790e]" name="initTest" is-config="true" duration-ms="0" started-at="2018-02-20T21:52:42Z" finished-at="2018-02-20T21:52:42Z">
          <reporter-output>
          </reporter-output>
        </test-method> <!-- initTest -->
        <test-method status="PASS" signature="quit()[pri:0, instance:com.qtpselenium.hybrid.suitea.LoginTest@7225790e]" name="quit" is-config="true" duration-ms="84" started-at="2018-02-20T21:52:42Z" finished-at="2018-02-20T21:52:42Z">
          <reporter-output>
          </reporter-output>
        </test-method> <!-- quit -->
        <test-method status="SKIP" signature="loginTest(java.util.Hashtable)[pri:0, instance:com.qtpselenium.hybrid.suitea.LoginTest@7225790e]" name="loginTest" duration-ms="1" started-at="2018-02-20T21:52:42Z" data-provider="getData" finished-at="2018-02-20T21:52:42Z">
          <params>
            <param index="0">
              <value>
                <![CDATA[{Username=U3, ExpectedResult=LoginSuccess, Password=P3, Runmode=N, Browser=Edge}]]>
              </value>
            </param>
          </params>
          <exception class="org.testng.SkipException">
            <message>
              <![CDATA[Runmode is set to NO]]>
            </message>
            <full-stacktrace>
              <![CDATA[org.testng.SkipException: Runmode is set to NO
	at com.qtpselenium.hybrid.suitea.LoginTest.loginTest(LoginTest.java:29)
	at sun.reflect.NativeMethodAccessorImpl.invoke0(Native Method)
	at sun.reflect.NativeMethodAccessorImpl.invoke(NativeMethodAccessorImpl.java:62)
	at sun.reflect.DelegatingMethodAccessorImpl.invoke(DelegatingMethodAccessorImpl.java:43)
	at java.lang.reflect.Method.invoke(Method.java:483)
	at org.testng.internal.MethodInvocationHelper.invokeMethod(MethodInvocationHelper.java:85)
	at org.testng.internal.Invoker.invokeMethod(Invoker.java:639)
	at org.testng.internal.Invoker.invokeTestMethod(Invoker.java:821)
	at org.testng.internal.Invoker.invokeTestMethods(Invoker.java:1131)
	at org.testng.internal.TestMethodWorker.invokeTestMethods(TestMethodWorker.java:124)
	at org.testng.internal.TestMethodWorker.run(TestMethodWorker.java:108)
	at org.testng.TestRunner.privateRun(TestRunner.java:773)
	at org.testng.TestRunner.run(TestRunner.java:623)
	at org.testng.SuiteRunner.runTest(SuiteRunner.java:357)
	at org.testng.SuiteRunner.access$000(SuiteRunner.java:39)
	at org.testng.SuiteRunner$SuiteWorker.run(SuiteRunner.java:391)
	at org.testng.internal.thread.ThreadUtil$2.call(ThreadUtil.java:64)
	at java.util.concurrent.FutureTask.run(FutureTask.java:266)
	at java.util.concurrent.ThreadPoolExecutor.runWorker(ThreadPoolExecutor.java:1142)
	at java.util.concurrent.ThreadPoolExecutor$Worker.run(ThreadPoolExecutor.java:617)
	at java.lang.Thread.run(Thread.java:745)
]]>
            </full-stacktrace>
          </exception> <!-- org.testng.SkipException -->
          <reporter-output>
          </reporter-output>
        </test-method> <!-- loginTest -->
        <test-method status="PASS" signature="initTest()[pri:0, instance:com.qtpselenium.hybrid.suitea.LoginTest@7225790e]" name="initTest" is-config="true" duration-ms="0" started-at="2018-02-20T21:52:42Z" finished-at="2018-02-20T21:52:42Z">
          <reporter-output>
          </reporter-output>
        </test-method> <!-- initTest -->
        <test-method status="PASS" signature="quit()[pri:0, instance:com.qtpselenium.hybrid.suitea.LoginTest@7225790e]" name="quit" is-config="true" duration-ms="89" started-at="2018-02-20T21:52:42Z" finished-at="2018-02-20T21:52:42Z">
          <reporter-output>
          </reporter-output>
        </test-method> <!-- quit -->
      </class> <!-- com.qtpselenium.hybrid.suitea.LoginTest -->
    </test> <!-- Login Test -->
  </suite> <!-- Zoho Suite -->
</testng-results>
